<testsuites name="jest tests" tests="0" failures="0" time="3.858">
</testsuites>