<testsuites name="jest tests" tests="1" failures="0" time="3.86">
  <testsuite name="\test\proto\sum.test.js" errors="0" failures="0" skipped="0" timestamp="2019-09-26T16:18:34" time="0.676" tests="1">
    <testcase classname=" adds 1 + 2 to equal 3" name=" adds 1 + 2 to equal 3" time="0.002">
    </testcase>
  </testsuite>
</testsuites>